0 info it worked if it ends with ok
1 verbose cli [ '/Users/khahn/.nvm/versions/node/v5.9.0/bin/node',
1 verbose cli   '/Users/khahn/.nvm/versions/node/v5.9.0/bin/npm',
1 verbose cli   'publish' ]
2 info using npm@3.9.5
3 info using node@v5.9.0
4 verbose publish [ '.' ]
5 silly cache add args [ '.', null ]
6 verbose cache add spec .
7 silly cache add parsed spec Result {
7 silly cache add   raw: '.',
7 silly cache add   scope: null,
7 silly cache add   name: null,
7 silly cache add   rawSpec: '.',
7 silly cache add   spec: '/Users/khahn/dev/LockableStorage',
7 silly cache add   type: 'directory' }
8 verbose addLocalDirectory /Users/khahn/.npm/lockable-storage-opensrcken/1.0.1/package.tgz not in flight; packing
9 verbose correctMkdir /Users/khahn/.npm correctMkdir not in flight; initializing
10 info lifecycle lockable-storage-opensrcken@1.0.1~prepublish: lockable-storage-opensrcken@1.0.1
11 silly lifecycle lockable-storage-opensrcken@1.0.1~prepublish: no script for prepublish, continuing
12 verbose tar pack [ '/Users/khahn/.npm/lockable-storage-opensrcken/1.0.1/package.tgz',
12 verbose tar pack   '/Users/khahn/dev/LockableStorage' ]
13 verbose tarball /Users/khahn/.npm/lockable-storage-opensrcken/1.0.1/package.tgz
14 verbose folder /Users/khahn/dev/LockableStorage
15 verbose addLocalTarball adding from inside cache /Users/khahn/.npm/lockable-storage-opensrcken/1.0.1/package.tgz
16 verbose correctMkdir /Users/khahn/.npm correctMkdir not in flight; initializing
17 silly cache afterAdd lockable-storage-opensrcken@1.0.1
18 verbose afterAdd /Users/khahn/.npm/lockable-storage-opensrcken/1.0.1/package/package.json not in flight; writing
19 verbose correctMkdir /Users/khahn/.npm correctMkdir not in flight; initializing
20 verbose afterAdd /Users/khahn/.npm/lockable-storage-opensrcken/1.0.1/package/package.json written
21 silly publish { name: 'lockable-storage-opensrcken',
21 silly publish   version: '1.0.1',
21 silly publish   description: 'Concurrency and locking for HTML5 localStorage',
21 silly publish   main: 'LockableStorage.js',
21 silly publish   scripts: { test: 'echo "Error: no test specified" && exit 1' },
21 silly publish   repository:
21 silly publish    { type: 'git',
21 silly publish      url: 'git+https://github.com/opensrcken/LockableStorage.git' },
21 silly publish   keywords:
21 silly publish    [ 'local',
21 silly publish      'storage',
21 silly publish      'lock',
21 silly publish      'mutex',
21 silly publish      'multiple',
21 silly publish      'tabs',
21 silly publish      'concurrency' ],
21 silly publish   author: { name: 'Benjamin Dumke-von der Ehe' },
21 silly publish   license: 'Copyright (c) 2012 (see LICENSE)',
21 silly publish   bugs: { url: 'https://github.com/tchakabam/LockableStorage/issues' },
21 silly publish   homepage: 'https://github.com/tchakabam/LockableStorage',
21 silly publish   readme: '# HTML5 Lockable Storage \r\n\r\nManage concurrency between browser tabs running independent processes by (a)synchronizing the localStorage resource.\r\n\r\nThis is the implementation by *Benjamin Dumke-von der Ehe* as posted in his 2012 article [JavaScript concurrency and locking the HTML5 localStorage](http://balpha.de/2012/03/javascript-concurrency-and-locking-the-html5-localstorage/).\r\n\r\n## Install\r\n\r\n    bower install lockablestorage\r\n\r\nor\r\n\r\n```\r\n  npm install lockable-storage\r\n```\r\n\r\n## Usage\r\n    import createLocker from \'lockable-storage\';\r\n    import store from \'store\';\r\n\r\n    const locker = createLockableStorage(store);\r\n    locker.lock(\'key\', function () {\r\n        // exclusive access to localStorage[\'key\']\r\n    });\r\n',
21 silly publish   readmeFilename: 'README.md',
21 silly publish   gitHead: '7ee05e1320b7369170a630d0e968095128f72281',
21 silly publish   _id: 'lockable-storage-opensrcken@1.0.1',
21 silly publish   _shasum: 'af30e65a429df71e5fe718cb1ac8e79ba4bd9df5',
21 silly publish   _from: '.' }
22 verbose getPublishConfig undefined
23 silly mapToRegistry name lockable-storage-opensrcken
24 silly mapToRegistry using default registry
25 silly mapToRegistry registry https://registry.npmjs.org/
26 silly mapToRegistry data Result {
26 silly mapToRegistry   raw: 'lockable-storage-opensrcken',
26 silly mapToRegistry   scope: null,
26 silly mapToRegistry   name: 'lockable-storage-opensrcken',
26 silly mapToRegistry   rawSpec: '',
26 silly mapToRegistry   spec: 'latest',
26 silly mapToRegistry   type: 'tag' }
27 silly mapToRegistry uri https://registry.npmjs.org/lockable-storage-opensrcken
28 verbose publish registryBase https://registry.npmjs.org/
29 silly publish uploading /Users/khahn/.npm/lockable-storage-opensrcken/1.0.1/package.tgz
30 verbose request uri https://registry.npmjs.org/lockable-storage-opensrcken
31 verbose request sending authorization for write operation
32 info attempt registry request try #1 at 12:53:32 AM
33 verbose request using bearer token for auth
34 verbose request id 5a71c5c0f117474f
35 http request PUT https://registry.npmjs.org/lockable-storage-opensrcken
36 http 403 https://registry.npmjs.org/lockable-storage-opensrcken
37 verbose headers { 'content-type': 'application/json',
37 verbose headers   'cache-control': 'max-age=300',
37 verbose headers   'content-length': '95',
37 verbose headers   'accept-ranges': 'bytes',
37 verbose headers   date: 'Mon, 13 Jun 2016 07:53:28 GMT',
37 verbose headers   via: '1.1 varnish',
37 verbose headers   connection: 'keep-alive',
37 verbose headers   'x-served-by': 'cache-atl6232-ATL',
37 verbose headers   'x-cache': 'MISS',
37 verbose headers   'x-cache-hits': '0',
37 verbose headers   'x-timer': 'S1465804407.489666,VS0,VE760',
37 verbose headers   vary: 'Accept-Encoding' }
38 verbose request invalidating /Users/khahn/.npm/registry.npmjs.org/lockable-storage-opensrcken on PUT
39 error publish Failed PUT 403
40 verbose stack Error: "You cannot publish over the previously published version 1.0.1." : lockable-storage-opensrcken
40 verbose stack     at makeError (/Users/khahn/.nvm/versions/node/v5.9.0/lib/node_modules/npm/node_modules/npm-registry-client/lib/request.js:264:12)
40 verbose stack     at CachingRegistryClient.<anonymous> (/Users/khahn/.nvm/versions/node/v5.9.0/lib/node_modules/npm/node_modules/npm-registry-client/lib/request.js:252:14)
40 verbose stack     at Request._callback (/Users/khahn/.nvm/versions/node/v5.9.0/lib/node_modules/npm/node_modules/npm-registry-client/lib/request.js:172:14)
40 verbose stack     at Request.self.callback (/Users/khahn/.nvm/versions/node/v5.9.0/lib/node_modules/npm/node_modules/request/request.js:200:22)
40 verbose stack     at emitTwo (events.js:100:13)
40 verbose stack     at Request.emit (events.js:185:7)
40 verbose stack     at Request.<anonymous> (/Users/khahn/.nvm/versions/node/v5.9.0/lib/node_modules/npm/node_modules/request/request.js:1067:10)
40 verbose stack     at emitOne (events.js:95:20)
40 verbose stack     at Request.emit (events.js:182:7)
40 verbose stack     at IncomingMessage.<anonymous> (/Users/khahn/.nvm/versions/node/v5.9.0/lib/node_modules/npm/node_modules/request/request.js:988:12)
41 verbose statusCode 403
42 verbose pkgid lockable-storage-opensrcken
43 verbose cwd /Users/khahn/dev/LockableStorage
44 error Darwin 13.4.0
45 error argv "/Users/khahn/.nvm/versions/node/v5.9.0/bin/node" "/Users/khahn/.nvm/versions/node/v5.9.0/bin/npm" "publish"
46 error node v5.9.0
47 error npm  v3.9.5
48 error code E403
49 error "You cannot publish over the previously published version 1.0.1." : lockable-storage-opensrcken
50 error If you need help, you may report this error at:
50 error     <https://github.com/npm/npm/issues>
51 verbose exit [ 1, true ]
